<?xml version="1.0" encoding="UTF-8" standalone="no"?>
<testsuite errors="0" failures="1" name="io.cucumber.core.plugin.JUnitFormatter" skipped="0" tests="7" time="168.628">
    <testcase classname="SignUp Website" name="Test001 Signup Website (user)" time="37.211">
        <system-out><![CDATA[When Test001 Membuka Halaman Website........................................passed
And Test001 Click Button SignUp.............................................passed
And Test001 Validasi SignUp.................................................passed
And Test001 Input TextField jajajakcvasdg847 Yang Valid One.................passed
And Test001 Input TextField jajak4k4 Yang Valid Two.........................passed
And Test001 Validasi Form Sign UP...........................................passed
And Test001 Click Button SignUp Form........................................passed
Then Test001 Pop Out Sign Up Berhasil.......................................passed
]]></system-out>
    </testcase>
    <testcase classname="LogIn Website" name="Test002 LogIn Website (user)" time="12.596">
        <system-out><![CDATA[When Test002 Click Button Log In............................................passed
And Test002 Validasi Log In.................................................passed
And Test002 Input TextField jajajakcvasdg847 Yang Valid One.................passed
And Test002 Input TextField jajak4k4 Yang Valid Two.........................passed
Then Test002 Click Button Login Form........................................passed
]]></system-out>
    </testcase>
    <testcase classname="Cart Website" name="Test003 Cart Samsung Galaxy S6" time="16.104">
        <system-out><![CDATA[When Test003 Validasi website...............................................passed
And Test003 Membuka Item Samsung Galaxy S6..................................passed
And Test003 Click Button Add To Cart........................................passed
Then Test003 Klik Ok Pop Up.................................................passed
]]></system-out>
    </testcase>
    <testcase classname="Cart Website" name="Test004 Cart Nokia Lumia 1520" time="19.719">
        <system-out><![CDATA[When Test004 Click Button Home..............................................passed
And Test004 Validasi website................................................passed
And Test004 Membuka Item Nokia Lumia 1520...................................passed
And Test004 Click Button Add To Cart........................................passed
Then Test004 Klik Ok Pop Up.................................................passed
]]></system-out>
    </testcase>
    <testcase classname="Cart Website" name="Test005 Cart Nexus6" time="19.639">
        <system-out><![CDATA[When Test005 Click Button Home..............................................passed
And Test005 Validasi website................................................passed
And Test005 Membuka Item Nexus6.............................................passed
And Test005 Click Button Add To Cart........................................passed
Then Test005 Klik Ok Pop Up.................................................passed
]]></system-out>
    </testcase>
    <testcase classname="Cart Website" name="Test006 Cart Item" time="9.92">
        <system-out><![CDATA[When Test006 Click Button Cart..............................................passed
And Test006 Validasi Cart Page..............................................passed
Then Test006 Click Button Place Order.......................................passed
]]></system-out>
    </testcase>
    <testcase classname="Checkout Website" name="Test007 Checkout Item" time="49.425">
        <failure message="no such alert&#10;  (Session info: chrome=130.0.6723.92)&#10;Build info: version: '4.19.1', revision: 'abe0ee07dc'&#10;System info: os.name: 'Windows 10', os.arch: 'amd64', os.version: '10.0', java.version: '17.0.8'&#10;Driver info: org.openqa.selenium.chrome.ChromeDriver&#10;Command: [ff98dd73bf101ba109b8940df8ff6b1e, getAlertText {}]&#10;Capabilities {acceptInsecureCerts: false, browserName: chrome, browserVersion: 130.0.6723.92, chrome: {chromedriverVersion: 130.0.6723.91 (53ac07678369..., userDataDir: C:\Users\MSI\AppData\Local\...}, fedcm:accounts: true, goog:chromeOptions: {debuggerAddress: localhost:62427}, networkConnectionEnabled: false, pageLoadStrategy: normal, platformName: windows, proxy: Proxy(), se:cdp: ws://localhost:62427/devtoo..., se:cdpVersion: 130.0.6723.92, setWindowRect: true, strictFileInteractability: false, timeouts: {implicit: 0, pageLoad: 300000, script: 30000}, unhandledPromptBehavior: dismiss and notify, webauthn:extension:credBlob: true, webauthn:extension:largeBlob: true, webauthn:extension:minPinLength: true, webauthn:extension:prf: true, webauthn:virtualAuthenticators: true}&#10;Session ID: ff98dd73bf101ba109b8940df8ff6b1e" type="org.openqa.selenium.NoAlertPresentException"><![CDATA[When Test007 Validasi CheckOut Page.........................................passed
And Test007 Input TextField budi Yang Valid One.............................passed
And Test007 Input TextField indonesia Yang Valid Two........................passed
And Test007 Input TextField banyumas Yang Valid Three.......................passed
And Test007 Input TextField 55612345 Yang Valid Four........................passed
And Test007 Input TextField March Yang Valid Five...........................passed
And Test007 Input TextField 2024 Yang Valid Six.............................passed
And Test007 Click Button purchase...........................................passed
And Test007 Klik Ok Pop Up..................................................failed
And Test007 Validasi website................................................skipped
Then Test007 Click Button Log Out...........................................skipped

StackTrace:
org.openqa.selenium.NoAlertPresentException: no such alert
  (Session info: chrome=130.0.6723.92)
Build info: version: '4.19.1', revision: 'abe0ee07dc'
System info: os.name: 'Windows 10', os.arch: 'amd64', os.version: '10.0', java.version: '17.0.8'
Driver info: org.openqa.selenium.chrome.ChromeDriver
Command: [ff98dd73bf101ba109b8940df8ff6b1e, getAlertText {}]
Capabilities {acceptInsecureCerts: false, browserName: chrome, browserVersion: 130.0.6723.92, chrome: {chromedriverVersion: 130.0.6723.91 (53ac07678369..., userDataDir: C:\Users\MSI\AppData\Local\...}, fedcm:accounts: true, goog:chromeOptions: {debuggerAddress: localhost:62427}, networkConnectionEnabled: false, pageLoadStrategy: normal, platformName: windows, proxy: Proxy(), se:cdp: ws://localhost:62427/devtoo..., se:cdpVersion: 130.0.6723.92, setWindowRect: true, strictFileInteractability: false, timeouts: {implicit: 0, pageLoad: 300000, script: 30000}, unhandledPromptBehavior: dismiss and notify, webauthn:extension:credBlob: true, webauthn:extension:largeBlob: true, webauthn:extension:minPinLength: true, webauthn:extension:prf: true, webauthn:virtualAuthenticators: true}
Session ID: ff98dd73bf101ba109b8940df8ff6b1e
	at java.base/jdk.internal.reflect.NativeConstructorAccessorImpl.newInstance0(Native Method)
	at java.base/jdk.internal.reflect.NativeConstructorAccessorImpl.newInstance(NativeConstructorAccessorImpl.java:77)
	at java.base/jdk.internal.reflect.DelegatingConstructorAccessorImpl.newInstance(DelegatingConstructorAccessorImpl.java:45)
	at java.base/java.lang.reflect.Constructor.newInstanceWithCaller(Constructor.java:499)
	at java.base/java.lang.reflect.Constructor.newInstance(Constructor.java:480)
	at org.openqa.selenium.remote.ErrorCodec.decode(ErrorCodec.java:167)
	at org.openqa.selenium.remote.codec.w3c.W3CHttpResponseCodec.decode(W3CHttpResponseCodec.java:138)
	at org.openqa.selenium.remote.codec.w3c.W3CHttpResponseCodec.decode(W3CHttpResponseCodec.java:50)
	at org.openqa.selenium.remote.HttpCommandExecutor.execute(HttpCommandExecutor.java:190)
	at org.openqa.selenium.remote.service.DriverCommandExecutor.invokeExecute(DriverCommandExecutor.java:216)
	at org.openqa.selenium.remote.service.DriverCommandExecutor.execute(DriverCommandExecutor.java:174)
	at org.openqa.selenium.remote.RemoteWebDriver.execute(RemoteWebDriver.java:518)
	at org.openqa.selenium.remote.RemoteWebDriver.execute(RemoteWebDriver.java:591)
	at org.openqa.selenium.remote.RemoteWebDriver.execute(RemoteWebDriver.java:595)
	at org.openqa.selenium.remote.RemoteWebDriver$RemoteTargetLocator.alert(RemoteWebDriver.java:1163)
	at com.juaracoding.soalautomation.impl.CheckOutTesting.test007_klik_ok_pop_up(CheckOutTesting.java:100)
	at âœ½.Test007 Klik Ok Pop Up(file:///D:/Bootcamp%20SQA%20Juara%20Koding/SoalTestAutomation/src/main/resources/features/004CheckOutFeature.feature:11)
]]></failure>
    </testcase>
</testsuite>
