[{"line":1,"elements":[{"start_timestamp":"2024-10-31T16:26:53.156Z","before":[{"result":{"duration":2449565900,"status":"passed"},"match":{"location":"com.juaracoding.soalautomation.impl.LoginOutlineHooks.setUp()"}}],"line":15,"name":"Test001 Signup Website (user)","description":"","id":"signup-website;test001-signup-website-(user);;2","after":[{"result":{"duration":532412100,"status":"passed"},"match":{"location":"com.juaracoding.soalautomation.impl.LoginOutlineHooks.closeObject()"}}],"type":"scenario","keyword":"Scenario","steps":[{"result":{"duration":3458004400,"status":"passed"},"line":3,"name":"Test001 Membuka Halaman Website","match":{"location":"com.juaracoding.soalautomation.impl.SignUpTesting.test001_membuka_halaman_login()"},"after":[{"result":{"duration":1999700,"status":"passed"},"match":{"location":"com.juaracoding.soalautomation.impl.LoginOutlineHooks.getResultStatus(io.cucumber.java.Scenario)"}}],"keyword":"When "},{"result":{"duration":3184493100,"status":"passed"},"line":4,"name":"Test001 Click Button SignUp","match":{"location":"com.juaracoding.soalautomation.impl.SignUpTesting.test001_click_signup()"},"after":[{"result":{"status":"passed"},"match":{"location":"com.juaracoding.soalautomation.impl.LoginOutlineHooks.getResultStatus(io.cucumber.java.Scenario)"}}],"keyword":"And "},{"result":{"duration":3066470700,"status":"passed"},"line":5,"name":"Test001 Validasi SignUp","match":{"location":"com.juaracoding.soalautomation.impl.SignUpTesting.test001_validasi_signup()"},"after":[{"result":{"duration":997700,"status":"passed"},"match":{"location":"com.juaracoding.soalautomation.impl.LoginOutlineHooks.getResultStatus(io.cucumber.java.Scenario)"}}],"keyword":"And "},{"result":{"duration":6194438800,"status":"passed"},"line":6,"name":"Test001 Input TextField jajajakcvasdgsa Yang Valid One","match":{"arguments":[{"val":"jajajakcvasdgsa","offset":24}],"location":"com.juaracoding.soalautomation.impl.SignUpTesting.test001_input_textfield_username_yang_valid_one(java.lang.String)"},"after":[{"result":{"status":"passed"},"match":{"location":"com.juaracoding.soalautomation.impl.LoginOutlineHooks.getResultStatus(io.cucumber.java.Scenario)"}}],"keyword":"And "},{"result":{"duration":6152466800,"status":"passed"},"line":7,"name":"Test001 Input TextField jajak4k4 Yang Valid Two","match":{"arguments":[{"val":"jajak4k4","offset":24}],"location":"com.juaracoding.soalautomation.impl.SignUpTesting.test001_input_textfield_password_yang_valid_one(java.lang.String)"},"after":[{"result":{"status":"passed"},"match":{"location":"com.juaracoding.soalautomation.impl.LoginOutlineHooks.getResultStatus(io.cucumber.java.Scenario)"}}],"keyword":"And "},{"result":{"duration":3047518100,"status":"passed"},"line":8,"name":"Test001 Validasi Form Sign UP","match":{"location":"com.juaracoding.soalautomation.impl.SignUpTesting.test001_validasi_form_sign_up()"},"after":[{"result":{"duration":991600,"status":"passed"},"match":{"location":"com.juaracoding.soalautomation.impl.LoginOutlineHooks.getResultStatus(io.cucumber.java.Scenario)"}}],"keyword":"And "},{"result":{"duration":3143580500,"status":"passed"},"line":9,"name":"Test001 Click Button SignUp Form","match":{"location":"com.juaracoding.soalautomation.impl.SignUpTesting.test001_click_button_signup()"},"after":[{"result":{"status":"passed"},"match":{"location":"com.juaracoding.soalautomation.impl.LoginOutlineHooks.getResultStatus(io.cucumber.java.Scenario)"}}],"keyword":"And "},{"result":{"duration":3034607300,"status":"passed"},"line":10,"name":"Test001 Pop Out Sign Up Berhasil","match":{"location":"com.juaracoding.soalautomation.impl.SignUpTesting.test001_pop_out_sign_up_berhasil()"},"after":[{"result":{"status":"passed"},"match":{"location":"com.juaracoding.soalautomation.impl.LoginOutlineHooks.getResultStatus(io.cucumber.java.Scenario)"}}],"keyword":"Then "}]}],"name":"SignUp Website","description":"","id":"signup-website","keyword":"Feature","uri":"file:src/main/resources/features/001SignUpFeature.feature","tags":[]},{"line":1,"elements":[{"start_timestamp":"2024-10-31T16:27:27.527Z","before":[{"result":{"status":"passed"},"match":{"location":"com.juaracoding.soalautomation.impl.LoginOutlineHooks.setUp()"}}],"line":11,"name":"Test002 LogIn Website (user)","description":"","id":"login-website;test002-login-website-(user);;2","after":[{"result":{"duration":69375700,"status":"passed"},"match":{"location":"com.juaracoding.soalautomation.impl.LoginOutlineHooks.closeObject()"}}],"type":"scenario","keyword":"Scenario","steps":[{"result":{"duration":3178563400,"status":"passed"},"line":3,"name":"Test002 Click Button Log In","match":{"location":"com.juaracoding.soalautomation.impl.LoginTesting.test002_click_button_log_in()"},"after":[{"result":{"duration":879800,"status":"passed"},"match":{"location":"com.juaracoding.soalautomation.impl.LoginOutlineHooks.getResultStatus(io.cucumber.java.Scenario)"}}],"keyword":"When "},{"result":{"duration":3173895100,"status":"passed"},"line":4,"name":"Test002 Input TextField jajajakcvasdgsa Yang Valid One","match":{"arguments":[{"val":"jajajakcvasdgsa","offset":24}],"location":"com.juaracoding.soalautomation.impl.LoginTesting.test002_input_textfield_username_yang_valid_one(java.lang.String)"},"after":[{"result":{"status":"passed"},"match":{"location":"com.juaracoding.soalautomation.impl.LoginOutlineHooks.getResultStatus(io.cucumber.java.Scenario)"}}],"keyword":"And "},{"result":{"duration":3152018600,"status":"passed"},"line":5,"name":"Test002 Input TextField jajak4k4 Yang Valid Two","match":{"arguments":[{"val":"jajak4k4","offset":24}],"location":"com.juaracoding.soalautomation.impl.LoginTesting.test002_input_textfield_password_yang_valid_one(java.lang.String)"},"after":[{"result":{"duration":503300,"status":"passed"},"match":{"location":"com.juaracoding.soalautomation.impl.LoginOutlineHooks.getResultStatus(io.cucumber.java.Scenario)"}}],"keyword":"And "},{"result":{"error_message":"org.openqa.selenium.TimeoutException: Expected condition failed: waiting for visibility of Proxy element for: DefaultElementLocator 'By.xpath: //button[@onclick='login()']' (tried for 3 second(s) with 500 milliseconds interval)\r\n\tat org.openqa.selenium.support.ui.WebDriverWait.timeoutException(WebDriverWait.java:84)\r\n\tat org.openqa.selenium.support.ui.FluentWait.until(FluentWait.java:228)\r\n\tat com.juaracoding.soalautomation.page.LoginPage.Btnlogin(LoginPage.java:73)\r\n\tat com.juaracoding.soalautomation.impl.LoginTesting.test002_click_button_log_in_form(LoginTesting.java:75)\r\n\tat âœ½.Test002 Click Button Login Form(file:///D:/Bootcamp%20SQA%20Juara%20Koding/SoalTestAutomation/src/main/resources/features/002LoginFeature.feature:6)\r\nCaused by: org.openqa.selenium.NoSuchElementException: no such element: Unable to locate element: {\"method\":\"xpath\",\"selector\":\"//button[@onclick='login()']\"}\n  (Session info: chrome=130.0.6723.92)\nFor documentation on this error, please visit: https://www.selenium.dev/documentation/webdriver/troubleshooting/errors#no-such-element-exception\nBuild info: version: '4.19.1', revision: 'abe0ee07dc'\nSystem info: os.name: 'Windows 10', os.arch: 'amd64', os.version: '10.0', java.version: '17.0.8'\nDriver info: org.openqa.selenium.chrome.ChromeDriver\nCommand: [3e91cd8bca665af46faaade3fccbbe4a, findElement {using=xpath, value=//button[@onclick='login()']}]\nCapabilities {acceptInsecureCerts: false, browserName: chrome, browserVersion: 130.0.6723.92, chrome: {chromedriverVersion: 130.0.6723.91 (53ac07678369..., userDataDir: C:\\Users\\MSI\\AppData\\Local\\...}, fedcm:accounts: true, goog:chromeOptions: {debuggerAddress: localhost:59147}, networkConnectionEnabled: false, pageLoadStrategy: normal, platformName: windows, proxy: Proxy(), se:cdp: ws://localhost:59147/devtoo..., se:cdpVersion: 130.0.6723.92, setWindowRect: true, strictFileInteractability: false, timeouts: {implicit: 0, pageLoad: 300000, script: 30000}, unhandledPromptBehavior: dismiss and notify, webauthn:extension:credBlob: true, webauthn:extension:largeBlob: true, webauthn:extension:minPinLength: true, webauthn:extension:prf: true, webauthn:virtualAuthenticators: true}\nSession ID: 3e91cd8bca665af46faaade3fccbbe4a\r\n\tat java.base/jdk.internal.reflect.NativeConstructorAccessorImpl.newInstance0(Native Method)\r\n\tat java.base/jdk.internal.reflect.NativeConstructorAccessorImpl.newInstance(NativeConstructorAccessorImpl.java:77)\r\n\tat java.base/jdk.internal.reflect.DelegatingConstructorAccessorImpl.newInstance(DelegatingConstructorAccessorImpl.java:45)\r\n\tat java.base/java.lang.reflect.Constructor.newInstanceWithCaller(Constructor.java:499)\r\n\tat java.base/java.lang.reflect.Constructor.newInstance(Constructor.java:480)\r\n\tat org.openqa.selenium.remote.ErrorCodec.decode(ErrorCodec.java:167)\r\n\tat org.openqa.selenium.remote.codec.w3c.W3CHttpResponseCodec.decode(W3CHttpResponseCodec.java:138)\r\n\tat org.openqa.selenium.remote.codec.w3c.W3CHttpResponseCodec.decode(W3CHttpResponseCodec.java:50)\r\n\tat org.openqa.selenium.remote.HttpCommandExecutor.execute(HttpCommandExecutor.java:190)\r\n\tat org.openqa.selenium.remote.service.DriverCommandExecutor.invokeExecute(DriverCommandExecutor.java:216)\r\n\tat org.openqa.selenium.remote.service.DriverCommandExecutor.execute(DriverCommandExecutor.java:174)\r\n\tat org.openqa.selenium.remote.RemoteWebDriver.execute(RemoteWebDriver.java:518)\r\n\tat org.openqa.selenium.remote.ElementLocation$ElementFinder$2.findElement(ElementLocation.java:165)\r\n\tat org.openqa.selenium.remote.ElementLocation.findElement(ElementLocation.java:59)\r\n\tat org.openqa.selenium.remote.RemoteWebDriver.findElement(RemoteWebDriver.java:355)\r\n\tat org.openqa.selenium.remote.RemoteWebDriver.findElement(RemoteWebDriver.java:349)\r\n\tat org.openqa.selenium.support.pagefactory.DefaultElementLocator.findElement(DefaultElementLocator.java:68)\r\n\tat org.openqa.selenium.support.pagefactory.internal.LocatingElementHandler.invoke(LocatingElementHandler.java:38)\r\n\tat jdk.proxy2/jdk.proxy2.$Proxy26.isDisplayed(Unknown Source)\r\n\tat org.openqa.selenium.support.ui.ExpectedConditions.elementIfVisible(ExpectedConditions.java:304)\r\n\tat org.openqa.selenium.support.ui.ExpectedConditions$10.apply(ExpectedConditions.java:290)\r\n\tat org.openqa.selenium.support.ui.ExpectedConditions$10.apply(ExpectedConditions.java:287)\r\n\tat org.openqa.selenium.support.ui.FluentWait.until(FluentWait.java:203)\r\n\tat com.juaracoding.soalautomation.page.LoginPage.Btnlogin(LoginPage.java:73)\r\n\tat com.juaracoding.soalautomation.impl.LoginTesting.test002_click_button_log_in_form(LoginTesting.java:75)\r\n\tat java.base/jdk.internal.reflect.NativeMethodAccessorImpl.invoke0(Native Method)\r\n\tat java.base/jdk.internal.reflect.NativeMethodAccessorImpl.invoke(NativeMethodAccessorImpl.java:77)\r\n\tat java.base/jdk.internal.reflect.DelegatingMethodAccessorImpl.invoke(DelegatingMethodAccessorImpl.java:43)\r\n\tat java.base/java.lang.reflect.Method.invoke(Method.java:568)\r\n\tat io.cucumber.java.Invoker.doInvoke(Invoker.java:66)\r\n\tat io.cucumber.java.Invoker.invoke(Invoker.java:24)\r\n\tat io.cucumber.java.AbstractGlueDefinition.invokeMethod(AbstractGlueDefinition.java:47)\r\n\tat io.cucumber.java.JavaStepDefinition.execute(JavaStepDefinition.java:29)\r\n\tat io.cucumber.core.runner.CoreStepDefinition.execute(CoreStepDefinition.java:66)\r\n\tat io.cucumber.core.runner.PickleStepDefinitionMatch.runStep(PickleStepDefinitionMatch.java:63)\r\n\tat io.cucumber.core.runner.ExecutionMode$1.execute(ExecutionMode.java:10)\r\n\tat io.cucumber.core.runner.TestStep.executeStep(TestStep.java:85)\r\n\tat io.cucumber.core.runner.TestStep.run(TestStep.java:57)\r\n\tat io.cucumber.core.runner.PickleStepTestStep.run(PickleStepTestStep.java:51)\r\n\tat io.cucumber.core.runner.TestCase.run(TestCase.java:84)\r\n\tat io.cucumber.core.runner.Runner.runPickle(Runner.java:75)\r\n\tat io.cucumber.testng.TestNGCucumberRunner.lambda$runScenario$1(TestNGCucumberRunner.java:132)\r\n\tat io.cucumber.core.runtime.CucumberExecutionContext.lambda$runTestCase$5(CucumberExecutionContext.java:129)\r\n\tat io.cucumber.core.runtime.RethrowingThrowableCollector.executeAndThrow(RethrowingThrowableCollector.java:23)\r\n\tat io.cucumber.core.runtime.CucumberExecutionContext.runTestCase(CucumberExecutionContext.java:129)\r\n\tat io.cucumber.testng.TestNGCucumberRunner.runScenario(TestNGCucumberRunner.java:129)\r\n\tat io.cucumber.testng.AbstractTestNGCucumberTests.runScenario(AbstractTestNGCucumberTests.java:35)\r\n\tat java.base/jdk.internal.reflect.NativeMethodAccessorImpl.invoke0(Native Method)\r\n\tat java.base/jdk.internal.reflect.NativeMethodAccessorImpl.invoke(NativeMethodAccessorImpl.java:77)\r\n\tat java.base/jdk.internal.reflect.DelegatingMethodAccessorImpl.invoke(DelegatingMethodAccessorImpl.java:43)\r\n\tat java.base/java.lang.reflect.Method.invoke(Method.java:568)\r\n\tat org.testng.internal.invokers.MethodInvocationHelper.invokeMethod(MethodInvocationHelper.java:139)\r\n\tat org.testng.internal.invokers.TestInvoker.invokeMethod(TestInvoker.java:677)\r\n\tat org.testng.internal.invokers.TestInvoker.invokeTestMethod(TestInvoker.java:221)\r\n\tat org.testng.internal.invokers.MethodRunner.runInSequence(MethodRunner.java:50)\r\n\tat org.testng.internal.invokers.TestInvoker$MethodInvocationAgent.invoke(TestInvoker.java:962)\r\n\tat org.testng.internal.invokers.TestInvoker.invokeTestMethods(TestInvoker.java:194)\r\n\tat org.testng.internal.invokers.TestMethodWorker.invokeTestMethods(TestMethodWorker.java:148)\r\n\tat org.testng.internal.invokers.TestMethodWorker.run(TestMethodWorker.java:128)\r\n\tat java.base/java.util.ArrayList.forEach(ArrayList.java:1511)\r\n\tat org.testng.TestRunner.privateRun(TestRunner.java:806)\r\n\tat org.testng.TestRunner.run(TestRunner.java:601)\r\n\tat org.testng.SuiteRunner.runTest(SuiteRunner.java:433)\r\n\tat org.testng.SuiteRunner.runSequentially(SuiteRunner.java:427)\r\n\tat org.testng.SuiteRunner.privateRun(SuiteRunner.java:387)\r\n\tat org.testng.SuiteRunner.run(SuiteRunner.java:330)\r\n\tat org.testng.SuiteRunnerWorker.runSuite(SuiteRunnerWorker.java:52)\r\n\tat org.testng.SuiteRunnerWorker.run(SuiteRunnerWorker.java:95)\r\n\tat org.testng.TestNG.runSuitesSequentially(TestNG.java:1256)\r\n\tat org.testng.TestNG.runSuitesLocally(TestNG.java:1176)\r\n\tat org.testng.TestNG.runSuites(TestNG.java:1099)\r\n\tat org.testng.TestNG.run(TestNG.java:1067)\r\n\tat com.intellij.rt.testng.IDEARemoteTestNG.run(IDEARemoteTestNG.java:65)\r\n\tat com.intellij.rt.testng.RemoteTestNGStarter.main(RemoteTestNGStarter.java:105)\r\n","duration":33095878600,"status":"failed"},"line":6,"name":"Test002 Click Button Login Form","match":{"location":"com.juaracoding.soalautomation.impl.LoginTesting.test002_click_button_log_in_form()"},"after":[{"result":{"duration":317971900,"status":"passed"},"match":{"location":"com.juaracoding.soalautomation.impl.LoginOutlineHooks.getResultStatus(io.cucumber.java.Scenario)"}}],"keyword":"Then "}]}],"name":"LogIn Website","description":"","id":"login-website","keyword":"Feature","uri":"file:src/main/resources/features/002LoginFeature.feature","tags":[]}]